[06:14:48] [ServerMain/INFO]: [bootstrap] Running Java 21 (OpenJDK 64-Bit Server VM 21.0.8+9-Ubuntu-0ubuntu124.04.1; Ubuntu null) on Linux 6.8.0-1030-azure (amd64)
[06:14:48] [ServerMain/INFO]: [bootstrap] Loading Paper 1.21.8-6-main@782ce95 (2025-07-18T20:26:58Z) for Minecraft 1.21.8
[06:14:48] [ServerMain/INFO]: [PluginInitializerManager] Initializing plugins...
[06:14:48] [ServerMain/INFO]: [PluginInitializerManager] Initialized 0 plugins
[06:14:49] [Paper Plugin Remapper Thread - 0/INFO]: [ReobfServer] Remapping server...
[06:14:56] [ServerMain/INFO]: Environment: Environment[sessionHost=https://sessionserver.mojang.com, servicesHost=https://api.minecraftservices.com, name=PROD]
[06:14:56] [ServerMain/INFO]: Found new data pack file/bukkit, loading it automatically
[06:14:56] [ServerMain/INFO]: Found new data pack paper, loading it automatically
[06:14:57] [ServerMain/INFO]: No existing world data, creating new world
[06:14:58] [Paper Plugin Remapper Thread - 0/INFO]: [ReobfServer] Done remapping server in 8782ms.
[06:14:58] [ServerMain/INFO]: Loaded 1407 recipes
[06:14:58] [ServerMain/INFO]: Loaded 1520 advancements
[06:14:58] [ServerMain/INFO]: [ca.spottedleaf.dataconverter.minecraft.datatypes.MCTypeRegistry] Initialising converters for DataConverter...
[06:14:59] [ServerMain/INFO]: [ca.spottedleaf.dataconverter.minecraft.datatypes.MCTypeRegistry] Finished initialising converters for DataConverter in 413.8ms
[06:14:59] [Server thread/INFO]: Starting minecraft server version 1.21.8
[06:14:59] [Server thread/INFO]: Loading properties
[06:14:59] [Server thread/INFO]: This server is running Paper version 1.21.8-6-main@782ce95 (2025-07-18T20:26:58Z) (Implementing API version 1.21.8-R0.1-SNAPSHOT)
[06:14:59] [Server thread/INFO]: [spark] This server bundles the spark profiler. For more information please visit https://docs.papermc.io/paper/profiling
[06:14:59] [Server thread/INFO]: Server Ping Player Sample Count: 12
[06:14:59] [Server thread/INFO]: Using 4 threads for Netty based IO
[06:15:00] [Server thread/INFO]: [MoonriseCommon] Paper is using 1 worker threads, 1 I/O threads
[06:15:00] [Server thread/INFO]: [ChunkTaskScheduler] Chunk system is using population gen parallelism: true
[06:15:00] [Server thread/INFO]: Default game type: SURVIVAL
[06:15:00] [Server thread/INFO]: Generating keypair
[06:15:00] [Server thread/INFO]: Starting Minecraft server on *:25565
[06:15:00] [Server thread/INFO]: Using epoll channel type
[06:15:00] [Server thread/INFO]: Paper: Using libdeflate (Linux x86_64) compression from Velocity.
[06:15:00] [Server thread/INFO]: Paper: Using OpenSSL 3.x.x (Linux x86_64) cipher from Velocity.
[06:15:00] [Server thread/WARN]: **** SERVER IS RUNNING IN OFFLINE/INSECURE MODE!
[06:15:00] [Server thread/WARN]: The server will make no attempt to authenticate usernames. Beware.
[06:15:00] [Server thread/WARN]: While this makes the game possible to play without internet access, it also opens up the ability for hackers to connect with any username they choose.
[06:15:00] [Server thread/WARN]: To change this, set "online-mode" to "true" in the server.properties file.
[06:15:00] [Server thread/INFO]: Preparing level "world"
[06:15:10] [Server thread/INFO]: Preparing start region for dimension minecraft:overworld
[06:15:10] [Server thread/INFO]: Preparing spawn area: 2%
[06:15:11] [Server thread/INFO]: Preparing spawn area: 2%
[06:15:11] [Server thread/INFO]: Preparing spawn area: 2%
[06:15:12] [Server thread/INFO]: Preparing spawn area: 2%
[06:15:12] [Server thread/INFO]: Preparing spawn area: 18%
[06:15:13] [Server thread/INFO]: Preparing spawn area: 18%
[06:15:13] [Server thread/INFO]: Preparing spawn area: 18%
[06:15:14] [Server thread/INFO]: Preparing spawn area: 22%
[06:15:14] [Server thread/INFO]: Preparing spawn area: 22%
[06:15:15] [Server thread/INFO]: Preparing spawn area: 51%
[06:15:15] [Server thread/INFO]: Preparing spawn area: 51%
[06:15:16] [Server thread/INFO]: Preparing spawn area: 51%
[06:15:16] [Server thread/INFO]: Preparing spawn area: 59%
[06:15:17] [Server thread/INFO]: Preparing spawn area: 75%
[06:15:17] [Server thread/INFO]: Time elapsed: 6570 ms
[06:15:17] [Server thread/INFO]: Preparing start region for dimension minecraft:the_nether
[06:15:17] [Server thread/INFO]: Preparing spawn area: 2%
[06:15:17] [Server thread/INFO]: Preparing spawn area: 2%
[06:15:18] [Server thread/INFO]: Preparing spawn area: 44%
[06:15:18] [Server thread/INFO]: Preparing spawn area: 51%
[06:15:18] [Server thread/INFO]: Time elapsed: 1587 ms
[06:15:18] [Server thread/INFO]: Preparing start region for dimension minecraft:the_end
[06:15:18] [Server thread/INFO]: Preparing spawn area: 2%
[06:15:19] [Server thread/INFO]: Preparing spawn area: 61%
[06:15:19] [Server thread/INFO]: Time elapsed: 515 ms
[06:15:19] [Server thread/INFO]: [spark] Starting background profiler...
[06:15:20] [Server thread/INFO]: Done preparing level "world" (19.265s)
[06:15:20] [Server thread/INFO]: Running delayed init tasks
[06:15:20] [Server thread/INFO]: Done (32.401s)! For help, type "help"
[06:15:20] [Server thread/INFO]: *************************************************************************************
[06:15:20] [Server thread/INFO]: This is the first time you're starting this server.
[06:15:20] [Server thread/INFO]: It's recommended you read our 'Getting Started' documentation for guidance.
[06:15:20] [Server thread/INFO]: View this and more helpful information here: https://docs.papermc.io/paper/next-steps
[06:15:20] [Server thread/INFO]: *************************************************************************************
